[0.036s] Invoking command in '/home/ana/robot_ws/build/firebot': CMAKE_PREFIX_PATH=${CMAKE_PREFIX_PATH}:/opt/ros/humble /usr/bin/cmake /home/ana/robot_ws/src/firebot -DAMENT_CMAKE_SYMLINK_INSTALL=1 -DCMAKE_INSTALL_PREFIX=/home/ana/robot_ws/install/firebot
[0.421s] -- Found ament_cmake: 1.3.11 (/opt/ros/humble/share/ament_cmake/cmake)
[0.421s] -- Override CMake install command with custom implementation using symlinks instead of copying resources
[0.421s] -- Found rclcpp: 16.0.11 (/opt/ros/humble/share/rclcpp/cmake)
[0.421s] -- Found rosidl_generator_c: 3.1.6 (/opt/ros/humble/share/rosidl_generator_c/cmake)
[0.421s] -- Found rosidl_adapter: 3.1.6 (/opt/ros/humble/share/rosidl_adapter/cmake)
[0.422s] -- Found rosidl_generator_cpp: 3.1.6 (/opt/ros/humble/share/rosidl_generator_cpp/cmake)
[0.422s] -- Using all available rosidl_typesupport_c: rosidl_typesupport_fastrtps_c;rosidl_typesupport_introspection_c
[0.422s] -- Using all available rosidl_typesupport_cpp: rosidl_typesupport_fastrtps_cpp;rosidl_typesupport_introspection_cpp
[0.454s] -- Found rmw_implementation_cmake: 6.1.2 (/opt/ros/humble/share/rmw_implementation_cmake/cmake)
[0.457s] -- Found rmw_fastrtps_cpp: 6.2.7 (/opt/ros/humble/share/rmw_fastrtps_cpp/cmake)
[0.694s] -- Using RMW implementation 'rmw_fastrtps_cpp' as default
[0.830s] -- Found rclpy: 3.3.15 (/opt/ros/humble/share/rclpy/cmake)
[0.831s] -- Found sensor_msgs: 4.2.4 (/opt/ros/humble/share/sensor_msgs/cmake)
[0.898s] -- Found rosidl_default_generators: 1.2.0 (/opt/ros/humble/share/rosidl_default_generators/cmake)
[1.419s] -- Found ament_cmake_ros: 0.10.0 (/opt/ros/humble/share/ament_cmake_ros/cmake)
[2.040s] -- Using all available rosidl_typesupport_c: rosidl_typesupport_fastrtps_c;rosidl_typesupport_introspection_c
[2.309s] -- Using all available rosidl_typesupport_cpp: rosidl_typesupport_fastrtps_cpp;rosidl_typesupport_introspection_cpp
[2.373s] -- Found python_cmake_module: 0.10.0 (/opt/ros/humble/share/python_cmake_module/cmake)
[2.431s] -- Using PYTHON_EXECUTABLE: /usr/bin/python3
[2.431s] -- Using PYTHON_INCLUDE_DIRS: /usr/include/python3.10
[2.431s] -- Using PYTHON_LIBRARIES: /usr/lib/x86_64-linux-gnu/libpython3.10.so
[2.487s] -- Configuring done
[2.600s] -- Generating done
[2.647s] -- Build files have been written to: /home/ana/robot_ws/build/firebot
[2.674s] Invoked command in '/home/ana/robot_ws/build/firebot' returned '0': CMAKE_PREFIX_PATH=${CMAKE_PREFIX_PATH}:/opt/ros/humble /usr/bin/cmake /home/ana/robot_ws/src/firebot -DAMENT_CMAKE_SYMLINK_INSTALL=1 -DCMAKE_INSTALL_PREFIX=/home/ana/robot_ws/install/firebot
[2.678s] Invoking command in '/home/ana/robot_ws/build/firebot': CMAKE_PREFIX_PATH=${CMAKE_PREFIX_PATH}:/opt/ros/humble /usr/bin/cmake --build /home/ana/robot_ws/build/firebot -- -j20 -l20
[2.771s] [35m[1mConsolidate compiler generated dependencies of target tf_broadcaster[0m
[2.771s] [35m[1mConsolidate compiler generated dependencies of target odometry_publisher[0m
[2.775s] [35m[1mConsolidate compiler generated dependencies of target firebot__rosidl_generator_c[0m
[2.776s] [35m[1mConsolidate compiler generated dependencies of target motor_controller[0m
[2.776s] [35m[1mConsolidate compiler generated dependencies of target lidar_node[0m
[2.801s] failed to create symbolic link '/home/ana/robot_ws/build/firebot/ament_cmake_python/firebot/firebot' because existing path cannot be removed: Is a directory
[2.803s] gmake[2]: *** [CMakeFiles/ament_cmake_python_symlink_firebot.dir/build.make:70: CMakeFiles/ament_cmake_python_symlink_firebot] Error 1
[2.804s] gmake[1]: *** [CMakeFiles/Makefile2:429: CMakeFiles/ament_cmake_python_symlink_firebot.dir/all] Error 2
[2.804s] gmake[1]: *** Waiting for unfinished jobs....
[2.808s] [  9%] Built target firebot__rosidl_generator_c
[2.814s] [ 10%] Built target firebot__cpp
[2.830s] [ 12%] [32m[1mLinking CXX executable motor_controller[0m
[2.831s] [ 16%] [32m[1mLinking CXX executable lidar_node[0m
[2.831s] [ 16%] [32m[1mLinking CXX executable odometry_publisher[0m
[2.838s] [ 18%] [32m[1mLinking CXX executable tf_broadcaster[0m
[3.283s] [ 20%] Built target tf_broadcaster
[3.291s] [ 21%] Built target motor_controller
[3.304s] [ 23%] Built target odometry_publisher
[3.435s] [ 25%] Built target lidar_node
[3.443s] gmake: *** [Makefile:146: all] Error 2
[3.454s] Invoked command in '/home/ana/robot_ws/build/firebot' returned '2': CMAKE_PREFIX_PATH=${CMAKE_PREFIX_PATH}:/opt/ros/humble /usr/bin/cmake --build /home/ana/robot_ws/build/firebot -- -j20 -l20
